\BOOKMARK [0][-]{chapter.1}{Introdu\347\343o}{}% 1
\BOOKMARK [1][-]{section.1.1}{Enquadramento}{chapter.1}% 2
\BOOKMARK [1][-]{section.1.2}{Objetivos Funcionais}{chapter.1}% 3
\BOOKMARK [1][-]{section.1.3}{Organiza\347\343o do documento}{chapter.1}% 4
\BOOKMARK [0][-]{chapter.2}{Formula\347\343o do Problema}{}% 5
\BOOKMARK [1][-]{section.2.1}{Formula\347\343o}{chapter.2}% 6
\BOOKMARK [1][-]{section.2.2}{Especifica\347\365es Funcionais}{chapter.2}% 7
\BOOKMARK [2][-]{subsection.2.2.1}{Especifica\347\365es Principais}{section.2.2}% 8
\BOOKMARK [2][-]{subsection.2.2.2}{Especifica\347\365es Secund\341rias}{section.2.2}% 9
\BOOKMARK [1][-]{section.2.3}{Arquitetura da Solu\347\343o}{chapter.2}% 10
\BOOKMARK [0][-]{chapter.3}{Aplica\347\343o Servidora}{}% 11
\BOOKMARK [1][-]{section.3.1}{Introdu\347\343o e Estrutura da Aplica\347\343o Servidora}{chapter.3}% 12
\BOOKMARK [2][-]{subsection.3.1.1}{Model}{section.3.1}% 13
\BOOKMARK [2][-]{subsection.3.1.2}{Repository}{section.3.1}% 14
\BOOKMARK [2][-]{subsection.3.1.3}{Business}{section.3.1}% 15
\BOOKMARK [2][-]{subsection.3.1.4}{Controller}{section.3.1}% 16
\BOOKMARK [0][-]{chapter.4}{Aplica\347\343o Cliente}{}% 17
\BOOKMARK [1][-]{section.4.1}{Introdu\347\343o e Estrutura da Aplica\347\343o Cliente}{chapter.4}% 18
\BOOKMARK [2][-]{subsection.4.1.1}{Angular Component}{section.4.1}% 19
\BOOKMARK [2][-]{subsection.4.1.2}{Angular Service}{section.4.1}% 20
\BOOKMARK [2][-]{subsection.4.1.3}{Angular Data Binding}{section.4.1}% 21
\BOOKMARK [2][-]{subsection.4.1.4}{IONIC API}{section.4.1}% 22
\BOOKMARK [2][-]{subsection.4.1.5}{Angular Materials CDK}{section.4.1}% 23
\BOOKMARK [2][-]{subsection.4.1.6}{Classes e Entidades}{section.4.1}% 24
\BOOKMARK [1][-]{section.4.2}{Descri\347\343o das P\341ginas}{chapter.4}% 25
\BOOKMARK [2][-]{subsection.4.2.1}{Calendar}{section.4.2}% 26
\BOOKMARK [2][-]{subsection.4.2.2}{Athletes/Staff}{section.4.2}% 27
\BOOKMARK [2][-]{subsection.4.2.3}{Profile}{section.4.2}% 28
\BOOKMARK [2][-]{subsection.4.2.4}{AthleteStats}{section.4.2}% 29
\BOOKMARK [2][-]{subsection.4.2.5}{Events/Practices/Games/Tournaments/TrainingSchedules}{section.4.2}% 30
\BOOKMARK [2][-]{subsection.4.2.6}{GameStats}{section.4.2}% 31
\BOOKMARK [2][-]{subsection.4.2.7}{Forms}{section.4.2}% 32
\BOOKMARK [2][-]{subsection.4.2.8}{[WIP]Injuries}{section.4.2}% 33
\BOOKMARK [0][-]{chapter.5}{Testes}{}% 34
\BOOKMARK [1][-]{section.5.1}{Aplica\347\343o Servidora}{chapter.5}% 35
\BOOKMARK [1][-]{section.5.2}{Aplica\347\343o Cliente}{chapter.5}% 36
\BOOKMARK [0][-]{chapter.6}{Conclus\365es \(at\351 agora\)}{}% 37
\BOOKMARK [1][-]{section.6.1}{Recapitula\347\343o}{chapter.6}% 38
\BOOKMARK [0][-]{chapter*.5}{Refer\352ncias}{}% 39
\BOOKMARK [0][-]{appendix.A}{Diagrama de Entidades}{}% 40
\BOOKMARK [0][-]{appendix.B}{\301rvore de Navega\347\343o}{}% 41
\BOOKMARK [0][-]{appendix.C}{Informa\347\343o do Dossi\352r de Projeto}{}% 42
